<?xml version="1.0" encoding="UTF-8"?>
<!-- Generated by org.testng.reporters.JUnitReportReporter -->
<testsuite hostname="DESKTOP-OI33PH9" failures="0" tests="1" name="com.ninza.crm.campaigntest.CreateCampaignWithStatusTest" time="11.570" errors="0" timestamp="2025-08-28T15:22:30 IST" skipped="0">
  <testcase classname="com.ninza.crm.campaigntest.CreateCampaignWithStatusTest" name="createCampaignWithStatusTest" time="11.570"/>
</testsuite> <!-- com.ninza.crm.campaigntest.CreateCampaignWithStatusTest -->
