<?xml version="1.0" encoding="UTF-8"?>
<!-- Generated by org.testng.reporters.JUnitReportReporter -->
<testsuite hostname="DESKTOP-OI33PH9" failures="0" tests="1" name="com.ninza.crm.campaigntest.CreateCampaignWithMandatoryFieldsTest" time="13.172" errors="0" timestamp="2025-08-28T15:02:55 IST" skipped="0">
  <testcase classname="com.ninza.crm.campaigntest.CreateCampaignWithMandatoryFieldsTest" name="createCampaignWithMandatoryFieldsTest" time="13.172"/>
</testsuite> <!-- com.ninza.crm.campaigntest.CreateCampaignWithMandatoryFieldsTest -->
