<?xml version="1.0" encoding="UTF-8"?>
<!-- Generated by org.testng.reporters.JUnitReportReporter -->
<testsuite hostname="DESKTOP-OI33PH9" failures="0" tests="1" name="com.ninza.crm.producttest.CreateProductTest" time="17.995" errors="0" timestamp="2025-09-18T17:25:15 IST" skipped="0">
  <testcase classname="com.ninza.crm.producttest.CreateProductTest" name="createProductTest" time="17.995"/>
</testsuite> <!-- com.ninza.crm.producttest.CreateProductTest -->
