<?xml version="1.0" encoding="UTF-8"?>
<!-- Generated by org.testng.reporters.JUnitReportReporter -->
<testsuite hostname="DESKTOP-OI33PH9" failures="0" tests="1" name="com.ninza.crm.producttest.CreateProductTest" time="14.885" errors="0" timestamp="2025-09-11T13:10:39 IST" skipped="0">
  <testcase classname="com.ninza.crm.producttest.CreateProductTest" name="createProductTest" time="14.885"/>
</testsuite> <!-- com.ninza.crm.producttest.CreateProductTest -->
