<?xml version="1.0" encoding="UTF-8"?>
<!-- Generated by org.testng.reporters.JUnitReportReporter -->
<testsuite hostname="DESKTOP-OI33PH9" failures="0" tests="1" name="com.ninza.crm.campaigntest.CreateCampaignWithExpectedDateTest" time="11.118" errors="0" timestamp="2025-09-02T17:02:43 IST" skipped="0">
  <testcase classname="com.ninza.crm.campaigntest.CreateCampaignWithExpectedDateTest" name="createCampaignWithExpectedDateTest" time="11.118"/>
</testsuite> <!-- com.ninza.crm.campaigntest.CreateCampaignWithExpectedDateTest -->
