<?xml version="1.0" encoding="UTF-8"?>
<!-- Generated by org.testng.reporters.JUnitReportReporter -->
<testsuite hostname="DESKTOP-OI33PH9" failures="0" tests="3" name="com.ninza.crm.campaigntest.CreateCampaignTest" time="19.941" errors="0" timestamp="2025-09-12T16:44:17 IST" skipped="0">
  <testcase classname="com.ninza.crm.campaigntest.CreateCampaignTest" name="createCampaignWithMandatoryFieldsTest" time="5.928"/>
  <testcase classname="com.ninza.crm.campaigntest.CreateCampaignTest" name="createCampaignWithExpectedDateTest" time="8.454"/>
  <testcase classname="com.ninza.crm.campaigntest.CreateCampaignTest" name="createCampaignWithStatusTest" time="5.559"/>
</testsuite> <!-- com.ninza.crm.campaigntest.CreateCampaignTest -->
