<?xml version="1.0" encoding="UTF-8"?>
<!-- Generated by org.testng.reporters.JUnitReportReporter -->
<testsuite hostname="DESKTOP-OI33PH9" failures="0" tests="1" name="com.ninza.crm.campaigntest.CreateCampaignTest" time="8.402" errors="0" timestamp="2025-09-18T17:25:15 IST" skipped="0">
  <testcase classname="com.ninza.crm.campaigntest.CreateCampaignTest" name="createCampaignWithExpectedDateTest" time="8.402"/>
</testsuite> <!-- com.ninza.crm.campaigntest.CreateCampaignTest -->
